{
  "RSpec": {
    "coverage": {
      "/home/pavan/dev/Neptune/app/models/company.rb": {
        "lines": [
          1,
          null,
          1,
          null,
          null,
          null,
          2,
          null,
          null
        ]
      },
      "/home/pavan/dev/Neptune/app/com/application_record.rb": {
        "lines": [
          1,
          1,
          null
        ]
      },
      "/home/pavan/dev/Neptune/app/models/user.rb": {
        "lines": [
          1,
          1,
          null,
          null,
          null,
          3,
          null,
          null
        ]
      },
      "/home/pavan/dev/Neptune/app/controllers/stakes_controller.rb": {
        "lines": [
          null,
          1,
          1,
          2,
          2,
          2,
          2,
          2,
          2,
          2,
          2,
          2,
          2,
          null,
          1,
          1,
          null,
          1,
          null,
          2,
          null,
          null,
          1,
          5,
          5,
          5,
          5,
          1,
          1,
          1,
          1,
          null,
          null,
          null,
          1,
          2,
          2,
          2,
          2,
          2,
          2,
          1,
          null,
          1,
          null,
          null,
          null,
          1,
          1,
          1,
          1,
          1,
          1,
          1,
          1,
          1,
          1,
          1,
          null,
          1,
          1,
          null,
          null
        ]
      },
      "/home/pavan/dev/Neptune/app/controllers/application_controller.rb": {
        "lines": [
          1,
          null
        ]
      },
      "/home/pavan/dev/Neptune/app/controllers/home_controller.rb": {
        "lines": [
          1,
          1,
          1,
          null,
          null,
          1,
          4,
          4,
          1,
          1,
          1,
          null,
          3,
          3,
          1,
          1,
          1,
          1,
          null,
          2,
          1,
          1,
          1,
          1,
          null,
          null,
          1,
          1,
          1,
          null,
          null,
          1,
          10,
          10,
          null,
          null,
          10,
          2,
          2,
          2,
          null,
          null,
          8,
          8,
          1,
          1,
          1,
          null,
          null,
          7,
          2,
          2,
          2,
          null,
          null,
          5,
          1,
          1,
          1,
          null,
          4,
          1,
          1,
          1,
          null,
          3,
          3,
          1,
          1,
          1,
          2,
          1,
          1,
          null,
          null,
          2,
          2,
          0,
          0,
          0,
          null,
          null,
          2,
          2,
          null,
          2,
          2,
          2,
          null,
          null,
          1,
          1,
          1,
          1,
          null,
          null,
          1,
          10,
          null,
          null
        ]
      },
      "/home/pavan/dev/Neptune/app/models/stake.rb": {
        "lines": [
          1,
          null,
          null,
          1,
          null,
          null,
          null,
          0,
          0,
          0,
          0,
          null,
          0,
          0,
          0,
          null,
          null
        ]
      },
      "/home/pavan/dev/Neptune/app/helpers/application_helper.rb": {
        "lines": [
          0,
          0
        ],
        "branches": {
        }
      },
      "/home/pavan/dev/Neptune/app/helpers/stakes_helper.rb": {
        "lines": [
          0,
          0
        ],
        "branches": {
        }
      }
    },
    "timestamp": 1671481596
  },
  "Cucumber Features": {
    "coverage": {
      "/home/pavan/dev/Neptune/app/models/user.rb": {
        "lines": [
          1,
          1,
          13,
          null,
          null
        ]
      },
      "/home/pavan/dev/Neptune/app/com/application_record.rb": {
        "lines": [
          1,
          1,
          null
        ]
      },
      "/home/pavan/dev/Neptune/app/models/stake.rb": {
        "lines": [
          1,
          null,
          null,
          1,
          null,
          null,
          null,
          8,
          8,
          8,
          32,
          null,
          8,
          8,
          8,
          null,
          null
        ]
      },
      "/home/pavan/dev/Neptune/app/models/company.rb": {
        "lines": [
          1,
          null,
          1,
          null,
          null,
          null,
          13,
          null,
          null
        ]
      },
      "/home/pavan/dev/Neptune/app/controllers/home_controller.rb": {
        "lines": [
          1,
          1,
          1,
          null,
          null,
          1,
          4,
          4,
          0,
          0,
          0,
          null,
          4,
          4,
          0,
          0,
          0,
          0,
          null,
          4,
          0,
          0,
          0,
          0,
          null,
          null,
          4,
          4,
          4,
          null,
          null,
          1,
          0,
          0,
          null,
          null,
          0,
          0,
          0,
          0,
          null,
          null,
          0,
          0,
          0,
          0,
          0,
          null,
          null,
          0,
          0,
          0,
          0,
          null,
          null,
          0,
          0,
          0,
          0,
          null,
          0,
          0,
          0,
          0,
          null,
          0,
          0,
          0,
          0,
          0,
          0,
          0,
          0,
          null,
          null,
          0,
          0,
          0,
          0,
          0,
          null,
          null,
          0,
          0,
          null,
          0,
          0,
          0,
          null,
          null,
          1,
          1,
          1,
          1,
          null,
          null,
          1,
          0,
          null,
          null
        ]
      },
      "/home/pavan/dev/Neptune/app/controllers/application_controller.rb": {
        "lines": [
          1,
          null
        ]
      },
      "/home/pavan/dev/Neptune/app/helpers/application_helper.rb": {
        "lines": [
          1,
          null
        ]
      },
      "/home/pavan/dev/Neptune/app/helpers/profile_helper.rb": {
        "lines": [
          1,
          null
        ]
      },
      "/home/pavan/dev/Neptune/app/helpers/stakes_helper.rb": {
        "lines": [
          1,
          null
        ]
      },
      "/home/pavan/dev/Neptune/app/controllers/stakes_controller.rb": {
        "lines": [
          null,
          1,
          1,
          5,
          5,
          5,
          5,
          5,
          5,
          5,
          5,
          5,
          5,
          5,
          null,
          1,
          4,
          null,
          4,
          null,
          5,
          null,
          null,
          1,
          5,
          5,
          5,
          5,
          0,
          0,
          0,
          0,
          null,
          null,
          null,
          1,
          0,
          0,
          0,
          0,
          0,
          0,
          0,
          null,
          0,
          null,
          null,
          null,
          1,
          0,
          0,
          0,
          0,
          0,
          0,
          0,
          0,
          0,
          0,
          null,
          0,
          0,
          null,
          null
        ]
      },
      "/home/pavan/dev/Neptune/app/controllers/profile_controller.rb": {
        "lines": [
          1,
          null,
          null,
          1,
          5,
          5,
          5,
          5,
          null,
          5,
          null,
          null,
          1,
          1,
          1,
          1,
          1,
          1,
          1,
          1,
          1,
          1,
          1,
          null,
          null,
          1,
          6,
          6,
          6,
          6,
          1,
          1,
          1,
          1,
          null,
          null,
          null
        ]
      }
    },
    "timestamp": 1671484558
  }
}
