{
  "RSpec": {
    "coverage": {
      "/home/pavan/dev/Neptune/app/models/company.rb": {
        "lines": [
          1,
          null,
          1,
          null,
          null,
          null,
          0,
          null,
          null
        ]
      },
      "/home/pavan/dev/Neptune/app/com/application_record.rb": {
        "lines": [
          1,
          1,
          null
        ]
      },
      "/home/pavan/dev/Neptune/app/models/user.rb": {
        "lines": [
          1,
          1,
          null,
          null,
          null,
          1,
          null,
          null
        ]
      },
      "/home/pavan/dev/Neptune/app/controllers/home_controller.rb": {
        "lines": [
          1,
          1,
          1,
          null,
          null,
          1,
          4,
          1,
          1,
          1,
          null,
          3,
          3,
          1,
          1,
          1,
          1,
          null,
          2,
          1,
          1,
          1,
          1,
          null,
          null,
          1,
          1,
          1,
          null,
          null,
          1,
          10,
          10,
          null,
          null,
          10,
          2,
          2,
          2,
          null,
          null,
          8,
          8,
          1,
          1,
          1,
          null,
          7,
          1,
          1,
          1,
          null,
          6,
          1,
          1,
          1,
          null,
          5,
          5,
          1,
          1,
          1,
          4,
          1,
          1,
          null,
          null,
          4,
          4,
          1,
          1,
          1,
          null,
          null,
          3,
          3,
          null,
          3,
          3,
          3,
          null,
          null,
          1,
          1,
          1,
          1,
          null,
          null,
          1,
          10,
          null,
          null
        ]
      },
      "/home/pavan/dev/Neptune/app/controllers/application_controller.rb": {
        "lines": [
          1,
          null
        ]
      },
      "/home/pavan/dev/Neptune/app/models/stake.rb": {
        "lines": [
          1,
          null,
          null
        ]
      },
      "/home/pavan/dev/Neptune/app/controllers/stakes_controller.rb": {
        "lines": [
          null,
          0,
          0,
          0,
          0,
          0,
          0,
          0,
          0,
          0,
          0,
          0,
          null,
          0,
          0,
          null,
          0,
          0,
          0,
          0,
          null,
          0,
          0,
          0,
          0,
          0,
          0,
          0,
          0,
          0,
          0,
          0,
          null,
          0,
          0,
          0,
          0,
          0,
          0,
          0,
          0,
          0,
          0,
          0,
          0,
          null,
          0,
          0,
          0,
          0,
          0,
          0,
          0,
          0,
          0,
          0,
          0,
          0,
          0,
          0,
          0
        ],
        "branches": {
        }
      },
      "/home/pavan/dev/Neptune/app/helpers/application_helper.rb": {
        "lines": [
          0,
          0
        ],
        "branches": {
        }
      },
      "/home/pavan/dev/Neptune/app/helpers/stakes_helper.rb": {
        "lines": [
          0,
          0
        ],
        "branches": {
        }
      }
    },
    "timestamp": 1668560088
  },
  "Cucumber Features": {
    "coverage": {
      "/home/pavan/dev/Neptune/app/models/user.rb": {
        "lines": [
          1,
          1,
          null,
          null,
          null,
          49,
          null,
          null
        ]
      },
      "/home/pavan/dev/Neptune/app/com/application_record.rb": {
        "lines": [
          1,
          1,
          null
        ]
      },
      "/home/pavan/dev/Neptune/app/models/stake.rb": {
        "lines": [
          1,
          null,
          null
        ]
      },
      "/home/pavan/dev/Neptune/app/models/company.rb": {
        "lines": [
          1,
          null,
          1,
          null,
          null,
          null,
          49,
          null,
          null
        ]
      },
      "/home/pavan/dev/Neptune/app/controllers/home_controller.rb": {
        "lines": [
          1,
          1,
          1,
          null,
          null,
          1,
          11,
          1,
          1,
          1,
          null,
          10,
          10,
          1,
          1,
          1,
          1,
          null,
          9,
          1,
          1,
          1,
          1,
          null,
          null,
          8,
          8,
          8,
          null,
          null,
          1,
          8,
          8,
          null,
          null,
          8,
          1,
          1,
          1,
          null,
          null,
          7,
          7,
          1,
          1,
          1,
          null,
          6,
          1,
          1,
          1,
          null,
          5,
          1,
          1,
          1,
          null,
          4,
          4,
          1,
          1,
          1,
          3,
          1,
          1,
          null,
          null,
          3,
          3,
          1,
          1,
          1,
          null,
          null,
          2,
          2,
          null,
          2,
          2,
          2,
          null,
          null,
          1,
          1,
          1,
          1,
          1,
          null,
          null,
          1,
          8,
          null,
          null
        ]
      },
      "/home/pavan/dev/Neptune/app/controllers/application_controller.rb": {
        "lines": [
          1,
          null
        ]
      },
      "/home/pavan/dev/Neptune/app/helpers/application_helper.rb": {
        "lines": [
          1,
          null
        ]
      },
      "/home/pavan/dev/Neptune/app/helpers/stakes_helper.rb": {
        "lines": [
          1,
          null
        ]
      },
      "/home/pavan/dev/Neptune/app/controllers/stakes_controller.rb": {
        "lines": [
          null,
          1,
          1,
          12,
          12,
          12,
          12,
          12,
          12,
          12,
          12,
          12,
          null,
          9,
          3,
          null,
          3,
          null,
          12,
          null,
          null,
          1,
          18,
          18,
          18,
          18,
          1,
          1,
          1,
          1,
          null,
          null,
          null,
          1,
          5,
          5,
          5,
          5,
          5,
          5,
          4,
          null,
          1,
          null,
          null,
          null,
          1,
          1,
          1,
          1,
          1,
          1,
          1,
          1,
          1,
          1,
          1,
          null,
          1,
          null,
          null
        ]
      }
    },
    "timestamp": 1668559634
  }
}
